Arguments: 
  /usr/local/Cellar/node/11.9.0/bin/node /usr/local/Cellar/yarn/1.13.0/libexec/bin/yarn.js add express cors helment bcryptjs express-session dotenv connect-session-knex knex sqlite3

PATH: 
  /usr/local/bin:/usr/bin:/bin:/usr/sbin:/sbin

Yarn version: 
  1.13.0

Node version: 
  11.9.0

Platform: 
  darwin x64

Trace: 
  Error: https://registry.yarnpkg.com/helment: Not found
      at Request.params.callback [as _callback] (/usr/local/Cellar/yarn/1.13.0/libexec/lib/cli.js:66255:18)
      at Request.self.callback (/usr/local/Cellar/yarn/1.13.0/libexec/lib/cli.js:129397:22)
      at Request.emit (events.js:197:13)
      at Request.<anonymous> (/usr/local/Cellar/yarn/1.13.0/libexec/lib/cli.js:130369:10)
      at Request.emit (events.js:197:13)
      at IncomingMessage.<anonymous> (/usr/local/Cellar/yarn/1.13.0/libexec/lib/cli.js:130291:12)
      at Object.onceWrapper (events.js:285:13)
      at IncomingMessage.emit (events.js:202:15)
      at endReadableNT (_stream_readable.js:1129:12)
      at processTicksAndRejections (internal/process/next_tick.js:76:17)

npm manifest: 
  {
    "name": "auth-i",
    "version": "1.0.0",
    "description": "## Topics",
    "main": "server.js",
    "scripts": {
      "test": "echo \"Error: no test specified\" && exit 1",
      "server": "nodemon",
      "start": "yarn server"
    },
    "repository": {
      "type": "git",
      "url": "git+https://github.com/TraiLynne/auth-i.git"
    },
    "keywords": [],
    "author": "Trai Lynne Compton",
    "license": "ISC",
    "bugs": {
      "url": "https://github.com/TraiLynne/auth-i/issues"
    },
    "homepage": "https://github.com/TraiLynne/auth-i#readme"
  }

yarn manifest: 
  No manifest

Lockfile: 
  No lockfile
